<?xml version="1.0" encoding="UTF-8"?>
<testng-results skipped="0" failed="0" ignored="0" total="6" passed="6">
  <reporter-output>
  </reporter-output>
  <suite name="verizonhomepage5" duration-ms="62618" started-at="2020-07-16T16:27:15 EDT" finished-at="2020-07-16T16:28:17 EDT">
    <groups>
    </groups>
    <test name="Rgression5" duration-ms="31831" started-at="2020-07-16T16:27:15 EDT" finished-at="2020-07-16T16:27:46 EDT">
      <class name="runvrizon5.datap">
        <test-method status="PASS" signature="beforeClass(java.lang.String, java.lang.String)[pri:0, instance:runvrizon5.datap@3cef309d]" name="beforeClass" is-config="true" duration-ms="8540" started-at="2020-07-16T16:27:15 EDT" finished-at="2020-07-16T16:27:23 EDT">
          <params>
            <param index="0">
              <value>
                <![CDATA[https://www.sprint.com/]]>
              </value>
            </param>
            <param index="1">
              <value>
                <![CDATA[chrome]]>
              </value>
            </param>
          </params>
          <reporter-output>
          </reporter-output>
        </test-method> <!-- beforeClass -->
        <test-method status="PASS" signature="f(java.lang.String, java.lang.String)[pri:0, instance:runvrizon5.datap@3cef309d]" name="f" duration-ms="7946" started-at="2020-07-16T16:27:23 EDT" data-provider="dp" finished-at="2020-07-16T16:27:31 EDT">
          <params>
            <param index="0">
              <value>
                <![CDATA[reza]]>
              </value>
            </param>
            <param index="1">
              <value>
                <![CDATA[21231561]]>
              </value>
            </param>
          </params>
          <reporter-output>
          </reporter-output>
        </test-method> <!-- f -->
        <test-method status="PASS" signature="f(java.lang.String, java.lang.String)[pri:0, instance:runvrizon5.datap@3cef309d]" name="f" duration-ms="6515" started-at="2020-07-16T16:27:32 EDT" data-provider="dp" finished-at="2020-07-16T16:27:39 EDT">
          <params>
            <param index="0">
              <value>
                <![CDATA[koorosh]]>
              </value>
            </param>
            <param index="1">
              <value>
                <![CDATA[6545456456]]>
              </value>
            </param>
          </params>
          <reporter-output>
          </reporter-output>
        </test-method> <!-- f -->
        <test-method status="PASS" signature="f(java.lang.String, java.lang.String)[pri:0, instance:runvrizon5.datap@3cef309d]" name="f" duration-ms="6085" started-at="2020-07-16T16:27:39 EDT" data-provider="dp" finished-at="2020-07-16T16:27:46 EDT">
          <params>
            <param index="0">
              <value>
                <![CDATA[trump]]>
              </value>
            </param>
            <param index="1">
              <value>
                <![CDATA[848489]]>
              </value>
            </param>
          </params>
          <reporter-output>
          </reporter-output>
        </test-method> <!-- f -->
        <test-method status="PASS" signature="afterClass()[pri:0, instance:runvrizon5.datap@3cef309d]" name="afterClass" is-config="true" duration-ms="0" started-at="2020-07-16T16:27:46 EDT" finished-at="2020-07-16T16:27:46 EDT">
          <reporter-output>
          </reporter-output>
        </test-method> <!-- afterClass -->
      </class> <!-- runvrizon5.datap -->
    </test> <!-- Rgression5 -->
    <test name="It3" duration-ms="30766" started-at="2020-07-16T16:27:46 EDT" finished-at="2020-07-16T16:28:17 EDT">
      <class name="runvrizon5.datap">
        <test-method status="PASS" signature="beforeClass(java.lang.String, java.lang.String)[pri:0, instance:runvrizon5.datap@71bbf57e]" name="beforeClass" is-config="true" duration-ms="6493" started-at="2020-07-16T16:27:46 EDT" finished-at="2020-07-16T16:27:53 EDT">
          <params>
            <param index="0">
              <value>
                <![CDATA[https://www.sprint.com/]]>
              </value>
            </param>
            <param index="1">
              <value>
                <![CDATA[firefox]]>
              </value>
            </param>
          </params>
          <reporter-output>
          </reporter-output>
        </test-method> <!-- beforeClass -->
        <test-method status="PASS" signature="f(java.lang.String, java.lang.String)[pri:0, instance:runvrizon5.datap@71bbf57e]" name="f" duration-ms="7868" started-at="2020-07-16T16:27:53 EDT" data-provider="dp" finished-at="2020-07-16T16:28:01 EDT">
          <params>
            <param index="0">
              <value>
                <![CDATA[reza]]>
              </value>
            </param>
            <param index="1">
              <value>
                <![CDATA[21231561]]>
              </value>
            </param>
          </params>
          <reporter-output>
          </reporter-output>
        </test-method> <!-- f -->
        <test-method status="PASS" signature="f(java.lang.String, java.lang.String)[pri:0, instance:runvrizon5.datap@71bbf57e]" name="f" duration-ms="6639" started-at="2020-07-16T16:28:02 EDT" data-provider="dp" finished-at="2020-07-16T16:28:08 EDT">
          <params>
            <param index="0">
              <value>
                <![CDATA[koorosh]]>
              </value>
            </param>
            <param index="1">
              <value>
                <![CDATA[6545456456]]>
              </value>
            </param>
          </params>
          <reporter-output>
          </reporter-output>
        </test-method> <!-- f -->
        <test-method status="PASS" signature="f(java.lang.String, java.lang.String)[pri:0, instance:runvrizon5.datap@71bbf57e]" name="f" duration-ms="7337" started-at="2020-07-16T16:28:09 EDT" data-provider="dp" finished-at="2020-07-16T16:28:16 EDT">
          <params>
            <param index="0">
              <value>
                <![CDATA[trump]]>
              </value>
            </param>
            <param index="1">
              <value>
                <![CDATA[848489]]>
              </value>
            </param>
          </params>
          <reporter-output>
          </reporter-output>
        </test-method> <!-- f -->
        <test-method status="PASS" signature="afterClass()[pri:0, instance:runvrizon5.datap@71bbf57e]" name="afterClass" is-config="true" duration-ms="0" started-at="2020-07-16T16:28:17 EDT" finished-at="2020-07-16T16:28:17 EDT">
          <reporter-output>
          </reporter-output>
        </test-method> <!-- afterClass -->
      </class> <!-- runvrizon5.datap -->
    </test> <!-- It3 -->
  </suite> <!-- verizonhomepage5 -->
</testng-results>
